<?xml version="1.0" encoding="UTF-8"?>
<!-- Generated by org.testng.reporters.JUnitReportReporter -->
<testsuite skipped="0" hostname="Pushkar-PC" name="firsttestngpackage.FirstTestNGfile" tests="1" failures="0" timestamp="20 Jan 2019 06:47:11 GMT" time="29.734" errors="0">
  <testcase name="verifyHomepageTitle" time="29.734" classname="firsttestngpackage.FirstTestNGfile"/>
</testsuite> <!-- firsttestngpackage.FirstTestNGfile -->
