<?xml version="1.0" encoding="UTF-8"?>
<!-- Generated by org.testng.reporters.JUnitReportReporter -->
<testsuite skipped="0" hostname="Pushkar-PC" name="firsttestngpackage.TestNGAnnotations" tests="2" failures="0" timestamp="20 Jan 2019 06:47:11 GMT" time="31.030" errors="0">
  <testcase name="register" time="19.241" classname="firsttestngpackage.TestNGAnnotations"/>
  <testcase name="support" time="11.789" classname="firsttestngpackage.TestNGAnnotations"/>
</testsuite> <!-- firsttestngpackage.TestNGAnnotations -->
